#
# There is insufficient memory for the Java Runtime Environment to continue.
# Native memory allocation (malloc) failed to allocate 69952 bytes for Chunk::new
# Possible reasons:
#   The system is out of physical RAM or swap space
#   The process is running with CompressedOops enabled, and the Java Heap may be blocking the growth of the native heap
# Possible solutions:
#   Reduce memory load on the system
#   Increase physical memory or swap space
#   Check if swap backing store is full
#   Decrease Java heap size (-Xmx/-Xms)
#   Decrease number of Java threads
#   Decrease Java thread stack sizes (-Xss)
#   Set larger code cache with -XX:ReservedCodeCacheSize=
#   JVM is running with Unscaled Compressed Oops mode in which the Java heap is
#     placed in the first 4GB address space. The Java Heap base address is the
#     maximum limit for the native heap growth. Please use -XX:HeapBaseMinAddress
#     to set the Java Heap base and to place the Java Heap above 4GB virtual address.
# This output file may be truncated or incomplete.
#
#  Out of Memory Error (arena.cpp:191), pid=29524, tid=27192
#
# JRE version: OpenJDK Runtime Environment Temurin-17.0.9+9 (17.0.9+9) (build 17.0.9+9)
# Java VM: OpenJDK 64-Bit Server VM Temurin-17.0.9+9 (17.0.9+9, mixed mode, sharing, tiered, compressed oops, compressed class ptrs, g1 gc, windows-amd64)
# No core dump will be written. Minidumps are not enabled by default on client versions of Windows
#

---------------  S U M M A R Y ------------

Command Line: -Dcom.android.sdklib.toolsdir=C:\Program Files\Unity\Hub\Editor\6000.0.32f1\Editor\Data\PlaybackEngines\AndroidPlayer\SDK\cmdline-tools\6.0\bin\\.. com.android.sdklib.tool.sdkmanager.SdkManagerCli --list

Host: 11th Gen Intel(R) Core(TM) i5-11260H @ 2.60GHz, 12 cores, 7G,  Windows 11 , 64 bit Build 22621 (10.0.22621.4391)
Time: Fri Jan 17 16:07:04 2025 India Standard Time elapsed time: 2.027394 seconds (0d 0h 0m 2s)

---------------  T H R E A D  ---------------

Current thread (0x0000017cdd5d8760):  JavaThread "C2 CompilerThread1" daemon [_thread_in_native, id=27192, stack(0x0000003073a00000,0x0000003073b00000)]


Current CompileTask:
C2:   2027 2259       4       jdk.internal.org.objectweb.asm.Frame::execute (2305 bytes)

Stack: [0x0000003073a00000,0x0000003073b00000]
Native frames: (J=compiled Java code, j=interpreted, Vv=VM code, C=native code)
V  [jvm.dll+0x67cf49]
V  [jvm.dll+0x83478a]
V  [jvm.dll+0x83624e]
V  [jvm.dll+0x8368b3]
V  [jvm.dll+0x247f1f]
V  [jvm.dll+0xac43c]
V  [jvm.dll+0xaca8c]
V  [jvm.dll+0x5855e7]
V  [jvm.dll+0x222f62]
V  [jvm.dll+0x22334f]
V  [jvm.dll+0x21c476]
V  [jvm.dll+0x2198c1]
V  [jvm.dll+0x1a57cd]
V  [jvm.dll+0x2297ae]
V  [jvm.dll+0x22797c]
V  [jvm.dll+0x7e9877]
V  [jvm.dll+0x7e3c3a]
V  [jvm.dll+0x67be35]
C  [ucrtbase.dll+0x29333]
C  [KERNEL32.DLL+0x1259d]
C  [ntdll.dll+0x5af38]


---------------  P R O C E S S  ---------------

Threads class SMR info:
_java_thread_list=0x0000017cdd4d5a10, length=40, elements={
0x0000017cf8eb4900, 0x0000017c97179790, 0x0000017c9717a060, 0x0000017c97196020,
0x0000017c971968f0, 0x0000017c9719a1e0, 0x0000017c97720090, 0x0000017c97720d40,
0x0000017c97721650, 0x0000017c9719eb70, 0x0000017c9784aac0, 0x0000017c9784e430,
0x0000017cdd752470, 0x0000017cdd5d8760, 0x0000017cdd8fe550, 0x0000017cdd732fb0,
0x0000017cdd7e5dc0, 0x0000017cdd81c840, 0x0000017cdd384790, 0x0000017cdd382930,
0x0000017cdd383d70, 0x0000017cdd384ca0, 0x0000017cdd384280, 0x0000017cdd3851b0,
0x0000017cdd381f10, 0x0000017cdd382e40, 0x0000017cdd383860, 0x0000017cdd88ddb0,
0x0000017cdd88e2c0, 0x0000017cdd88c970, 0x0000017cdd88bf50, 0x0000017cdd88e7d0,
0x0000017cdd891560, 0x0000017cdd88ba40, 0x0000017cdd88fc10, 0x0000017cdd811790,
0x0000017cdd891a70, 0x0000017cdd88a600, 0x0000017cdd88f700, 0x0000017cdd88ece0
}

Java Threads: ( => current thread )
  0x0000017cf8eb4900 JavaThread "main" [_thread_in_Java, id=24348, stack(0x0000003072600000,0x0000003072700000)]
  0x0000017c97179790 JavaThread "Reference Handler" daemon [_thread_blocked, id=19896, stack(0x0000003072d00000,0x0000003072e00000)]
  0x0000017c9717a060 JavaThread "Finalizer" daemon [_thread_blocked, id=19500, stack(0x0000003072e00000,0x0000003072f00000)]
  0x0000017c97196020 JavaThread "Signal Dispatcher" daemon [_thread_blocked, id=23424, stack(0x0000003072f00000,0x0000003073000000)]
  0x0000017c971968f0 JavaThread "Attach Listener" daemon [_thread_blocked, id=31016, stack(0x0000003073000000,0x0000003073100000)]
  0x0000017c9719a1e0 JavaThread "Service Thread" daemon [_thread_blocked, id=30444, stack(0x0000003073100000,0x0000003073200000)]
  0x0000017c97720090 JavaThread "Monitor Deflation Thread" daemon [_thread_blocked, id=25060, stack(0x0000003073200000,0x0000003073300000)]
  0x0000017c97720d40 JavaThread "C2 CompilerThread0" daemon [_thread_in_native, id=27148, stack(0x0000003073300000,0x0000003073400000)]
  0x0000017c97721650 JavaThread "C1 CompilerThread0" daemon [_thread_in_native, id=24060, stack(0x0000003073400000,0x0000003073500000)]
  0x0000017c9719eb70 JavaThread "Sweeper thread" daemon [_thread_blocked, id=32544, stack(0x0000003073500000,0x0000003073600000)]
  0x0000017c9784aac0 JavaThread "Notification Thread" daemon [_thread_blocked, id=25644, stack(0x0000003073600000,0x0000003073700000)]
  0x0000017c9784e430 JavaThread "Common-Cleaner" daemon [_thread_blocked, id=25420, stack(0x0000003073800000,0x0000003073900000)]
  0x0000017cdd752470 JavaThread "Keep-Alive-Timer" daemon [_thread_blocked, id=27544, stack(0x0000003073900000,0x0000003073a00000)]
=>0x0000017cdd5d8760 JavaThread "C2 CompilerThread1" daemon [_thread_in_native, id=27192, stack(0x0000003073a00000,0x0000003073b00000)]
  0x0000017cdd8fe550 JavaThread "pool-1-thread-1" [_thread_in_native, id=10704, stack(0x0000003074400000,0x0000003074500000)]
  0x0000017cdd732fb0 JavaThread "pool-1-thread-2" [_thread_in_Java, id=16372, stack(0x0000003074500000,0x0000003074600000)]
  0x0000017cdd7e5dc0 JavaThread "pool-1-thread-3" [_thread_in_native, id=10276, stack(0x0000003074600000,0x0000003074700000)]
  0x0000017cdd81c840 JavaThread "pool-1-thread-4" [_thread_in_Java, id=25724, stack(0x0000003074700000,0x0000003074800000)]
  0x0000017cdd384790 JavaThread "pool-1-thread-5" [_thread_in_Java, id=27956, stack(0x0000003074800000,0x0000003074900000)]
  0x0000017cdd382930 JavaThread "pool-1-thread-6" [_thread_in_Java, id=17864, stack(0x0000003074900000,0x0000003074a00000)]
  0x0000017cdd383d70 JavaThread "pool-1-thread-7" [_thread_in_native, id=32672, stack(0x0000003074a00000,0x0000003074b00000)]
  0x0000017cdd384ca0 JavaThread "pool-1-thread-9" [_thread_in_native, id=26784, stack(0x0000003074c00000,0x0000003074d00000)]
  0x0000017cdd384280 JavaThread "pool-1-thread-10" [_thread_in_native, id=18624, stack(0x0000003074d00000,0x0000003074e00000)]
  0x0000017cdd3851b0 JavaThread "pool-1-thread-11" [_thread_in_Java, id=15868, stack(0x0000003074e00000,0x0000003074f00000)]
  0x0000017cdd381f10 JavaThread "pool-1-thread-12" [_thread_in_native, id=29468, stack(0x0000003074f00000,0x0000003075000000)]
  0x0000017cdd382e40 JavaThread "pool-1-thread-13" [_thread_in_native, id=31076, stack(0x0000003075000000,0x0000003075100000)]
  0x0000017cdd383860 JavaThread "pool-1-thread-14" [_thread_in_native, id=22596, stack(0x0000003075100000,0x0000003075200000)]
  0x0000017cdd88ddb0 JavaThread "pool-1-thread-15" [_thread_in_native, id=24252, stack(0x0000003075200000,0x0000003075300000)]
  0x0000017cdd88e2c0 JavaThread "pool-1-thread-16" [_thread_in_native, id=30048, stack(0x0000003075300000,0x0000003075400000)]
  0x0000017cdd88c970 JavaThread "pool-1-thread-17" [_thread_in_native, id=31860, stack(0x0000003075400000,0x0000003075500000)]
  0x0000017cdd88bf50 JavaThread "pool-1-thread-18" [_thread_in_native, id=31212, stack(0x0000003075500000,0x0000003075600000)]
  0x0000017cdd88e7d0 JavaThread "pool-1-thread-19" [_thread_in_native, id=13232, stack(0x0000003075600000,0x0000003075700000)]
  0x0000017cdd891560 JavaThread "pool-1-thread-20" [_thread_in_Java, id=26364, stack(0x0000003075700000,0x0000003075800000)]
  0x0000017cdd88ba40 JavaThread "pool-1-thread-21" [_thread_in_native, id=12164, stack(0x0000003075800000,0x0000003075900000)]
  0x0000017cdd88fc10 JavaThread "pool-1-thread-22" [_thread_in_native, id=16936, stack(0x0000003075900000,0x0000003075a00000)]
  0x0000017cdd811790 JavaThread "C2 CompilerThread2" daemon [_thread_in_native, id=17388, stack(0x0000003075a00000,0x0000003075b00000)]
  0x0000017cdd891a70 JavaThread "HandshakeCompletedNotify-Thread" [_thread_new, id=17044, stack(0x0000000000000000,0x0000000000000000)]
  0x0000017cdd88a600 JavaThread "HandshakeCompletedNotify-Thread" [_thread_new, id=12104, stack(0x0000000000000000,0x0000000000000000)]
  0x0000017cdd88f700 JavaThread "HandshakeCompletedNotify-Thread" [_thread_new, id=10072, stack(0x0000000000000000,0x0000000000000000)]
  0x0000017cdd88ece0 JavaThread "HandshakeCompletedNotify-Thread" [_thread_new, id=11708, stack(0x0000000000000000,0x0000000000000000)]

Other Threads:
  0x0000017c97174ed0 VMThread "VM Thread" [stack: 0x0000003072c00000,0x0000003072d00000] [id=30608]
  0x0000017c9784d3b0 WatcherThread [stack: 0x0000003073700000,0x0000003073800000] [id=17532]
  0x0000017cf8f0bdf0 GCTaskThread "GC Thread#0" [stack: 0x0000003072700000,0x0000003072800000] [id=32180]
  0x0000017cdd4972d0 GCTaskThread "GC Thread#1" [stack: 0x0000003073b00000,0x0000003073c00000] [id=29424]
  0x0000017cdd45fb40 GCTaskThread "GC Thread#2" [stack: 0x0000003073c00000,0x0000003073d00000] [id=23148]
  0x0000017cdd45fe00 GCTaskThread "GC Thread#3" [stack: 0x0000003073d00000,0x0000003073e00000] [id=21972]
  0x0000017cdd4d9100 GCTaskThread "GC Thread#4" [stack: 0x0000003073e00000,0x0000003073f00000] [id=15860]
  0x0000017cdd4d93c0 GCTaskThread "GC Thread#5" [stack: 0x0000003073f00000,0x0000003074000000] [id=22484]
  0x0000017cdd4d9a80 GCTaskThread "GC Thread#6" [stack: 0x0000003074000000,0x0000003074100000] [id=28560]
  0x0000017cdd4d9d40 GCTaskThread "GC Thread#7" [stack: 0x0000003074100000,0x0000003074200000] [id=19352]
  0x0000017cdd61e020 GCTaskThread "GC Thread#8" [stack: 0x0000003074200000,0x0000003074300000] [id=21764]
  0x0000017cdd61e6f0 GCTaskThread "GC Thread#9" [stack: 0x0000003074300000,0x0000003074400000] [id=3424]
  0x0000017cf8f1c2d0 ConcurrentGCThread "G1 Main Marker" [stack: 0x0000003072800000,0x0000003072900000] [id=21876]
  0x0000017cf8f1cb00 ConcurrentGCThread "G1 Conc#0" [stack: 0x0000003072900000,0x0000003072a00000] [id=14248]
  0x0000017c97025c80 ConcurrentGCThread "G1 Refine#0" [stack: 0x0000003072a00000,0x0000003072b00000] [id=29720]
  0x0000017c970264c0 ConcurrentGCThread "G1 Service" [stack: 0x0000003072b00000,0x0000003072c00000] [id=28008]

Threads with active compile tasks:
C2 CompilerThread0     2045 2438       4       sun.security.provider.SHA5::implCompress0 (346 bytes)
C1 CompilerThread0     2045 2476       3       sun.security.ec.point.ProjectivePoint$Immutable::<init> (8 bytes)
C2 CompilerThread1     2045 2259       4       jdk.internal.org.objectweb.asm.Frame::execute (2305 bytes)
C2 CompilerThread2     2045 2444       4       com.sun.crypto.provider.AESCrypt::implEncryptBlock (953 bytes)

VM state: not at safepoint (normal execution)

VM Mutex/Monitor currently owned by a thread: None

Heap address: 0x0000000084400000, size: 1980 MB, Compressed Oops mode: 32-bit

CDS archive(s) mapped at: [0x0000017c98000000-0x0000017c98ba0000-0x0000017c98ba0000), size 12189696, SharedBaseAddress: 0x0000017c98000000, ArchiveRelocationMode: 1.
Compressed class space mapped at: 0x0000017c99000000-0x0000017cd9000000, reserved size: 1073741824
Narrow klass base: 0x0000017c98000000, Narrow klass shift: 0, Narrow klass range: 0x100000000

GC Precious Log:
 CPUs: 12 total, 12 available
 Memory: 7918M
 Large Page Support: Disabled
 NUMA Support: Disabled
 Compressed Oops: Enabled (32-bit)
 Heap Region Size: 1M
 Heap Min Capacity: 8M
 Heap Initial Capacity: 124M
 Heap Max Capacity: 1980M
 Pre-touch: Disabled
 Parallel Workers: 10
 Concurrent Workers: 3
 Concurrent Refinement Workers: 10
 Periodic GC: Disabled

Heap:
 garbage-first heap   total 126976K, used 13498K [0x0000000084400000, 0x0000000100000000)
  region size 1024K, 8 young (8192K), 4 survivors (4096K)
 Metaspace       used 16897K, committed 17088K, reserved 1114112K
  class space    used 1835K, committed 1920K, reserved 1048576K

Heap Regions: E=young(eden), S=young(survivor), O=old, HS=humongous(starts), HC=humongous(continues), CS=collection set, F=free, OA=open archive, CA=closed archive, TAMS=top-at-mark-start (previous, next)
|   0|0x0000000084400000, 0x0000000084500000, 0x0000000084500000|100%| O|  |TAMS 0x0000000084400000, 0x0000000084400000| Untracked 
|   1|0x0000000084500000, 0x0000000084600000, 0x0000000084600000|100%| O|  |TAMS 0x0000000084500000, 0x0000000084500000| Untracked 
|   2|0x0000000084600000, 0x0000000084700000, 0x0000000084700000|100%| O|  |TAMS 0x0000000084600000, 0x0000000084600000| Untracked 
|   3|0x0000000084700000, 0x0000000084800000, 0x0000000084800000|100%| O|  |TAMS 0x0000000084700000, 0x0000000084700000| Untracked 
|   4|0x0000000084800000, 0x0000000084900000, 0x0000000084900000|100%| O|  |TAMS 0x0000000084800000, 0x0000000084800000| Untracked 
|   5|0x0000000084900000, 0x0000000084a00000, 0x0000000084a00000|100%| O|  |TAMS 0x0000000084900000, 0x0000000084900000| Untracked 
|   6|0x0000000084a00000, 0x0000000084a2e800, 0x0000000084b00000| 18%| O|  |TAMS 0x0000000084a00000, 0x0000000084a00000| Untracked 
|   7|0x0000000084b00000, 0x0000000084b00000, 0x0000000084c00000|  0%| F|  |TAMS 0x0000000084b00000, 0x0000000084b00000| Untracked 
|   8|0x0000000084c00000, 0x0000000084c00000, 0x0000000084d00000|  0%| F|  |TAMS 0x0000000084c00000, 0x0000000084c00000| Untracked 
|   9|0x0000000084d00000, 0x0000000084d00000, 0x0000000084e00000|  0%| F|  |TAMS 0x0000000084d00000, 0x0000000084d00000| Untracked 
|  10|0x0000000084e00000, 0x0000000084e00000, 0x0000000084f00000|  0%| F|  |TAMS 0x0000000084e00000, 0x0000000084e00000| Untracked 
|  11|0x0000000084f00000, 0x0000000084f00000, 0x0000000085000000|  0%| F|  |TAMS 0x0000000084f00000, 0x0000000084f00000| Untracked 
|  12|0x0000000085000000, 0x0000000085000000, 0x0000000085100000|  0%| F|  |TAMS 0x0000000085000000, 0x0000000085000000| Untracked 
|  13|0x0000000085100000, 0x0000000085100000, 0x0000000085200000|  0%| F|  |TAMS 0x0000000085100000, 0x0000000085100000| Untracked 
|  14|0x0000000085200000, 0x0000000085200000, 0x0000000085300000|  0%| F|  |TAMS 0x0000000085200000, 0x0000000085200000| Untracked 
|  15|0x0000000085300000, 0x0000000085300000, 0x0000000085400000|  0%| F|  |TAMS 0x0000000085300000, 0x0000000085300000| Untracked 
|  16|0x0000000085400000, 0x0000000085400000, 0x0000000085500000|  0%| F|  |TAMS 0x0000000085400000, 0x0000000085400000| Untracked 
|  17|0x0000000085500000, 0x0000000085500000, 0x0000000085600000|  0%| F|  |TAMS 0x0000000085500000, 0x0000000085500000| Untracked 
|  18|0x0000000085600000, 0x0000000085600000, 0x0000000085700000|  0%| F|  |TAMS 0x0000000085600000, 0x0000000085600000| Untracked 
|  19|0x0000000085700000, 0x0000000085700000, 0x0000000085800000|  0%| F|  |TAMS 0x0000000085700000, 0x0000000085700000| Untracked 
|  20|0x0000000085800000, 0x0000000085800000, 0x0000000085900000|  0%| F|  |TAMS 0x0000000085800000, 0x0000000085800000| Untracked 
|  21|0x0000000085900000, 0x0000000085900000, 0x0000000085a00000|  0%| F|  |TAMS 0x0000000085900000, 0x0000000085900000| Untracked 
|  22|0x0000000085a00000, 0x0000000085a00000, 0x0000000085b00000|  0%| F|  |TAMS 0x0000000085a00000, 0x0000000085a00000| Untracked 
|  23|0x0000000085b00000, 0x0000000085b00000, 0x0000000085c00000|  0%| F|  |TAMS 0x0000000085b00000, 0x0000000085b00000| Untracked 
|  24|0x0000000085c00000, 0x0000000085c00000, 0x0000000085d00000|  0%| F|  |TAMS 0x0000000085c00000, 0x0000000085c00000| Untracked 
|  25|0x0000000085d00000, 0x0000000085d00000, 0x0000000085e00000|  0%| F|  |TAMS 0x0000000085d00000, 0x0000000085d00000| Untracked 
|  26|0x0000000085e00000, 0x0000000085e00000, 0x0000000085f00000|  0%| F|  |TAMS 0x0000000085e00000, 0x0000000085e00000| Untracked 
|  27|0x0000000085f00000, 0x0000000085f00000, 0x0000000086000000|  0%| F|  |TAMS 0x0000000085f00000, 0x0000000085f00000| Untracked 
|  28|0x0000000086000000, 0x0000000086000000, 0x0000000086100000|  0%| F|  |TAMS 0x0000000086000000, 0x0000000086000000| Untracked 
|  29|0x0000000086100000, 0x0000000086100000, 0x0000000086200000|  0%| F|  |TAMS 0x0000000086100000, 0x0000000086100000| Untracked 
|  30|0x0000000086200000, 0x0000000086200000, 0x0000000086300000|  0%| F|  |TAMS 0x0000000086200000, 0x0000000086200000| Untracked 
|  31|0x0000000086300000, 0x0000000086300000, 0x0000000086400000|  0%| F|  |TAMS 0x0000000086300000, 0x0000000086300000| Untracked 
|  32|0x0000000086400000, 0x0000000086400000, 0x0000000086500000|  0%| F|  |TAMS 0x0000000086400000, 0x0000000086400000| Untracked 
|  33|0x0000000086500000, 0x0000000086500000, 0x0000000086600000|  0%| F|  |TAMS 0x0000000086500000, 0x0000000086500000| Untracked 
|  34|0x0000000086600000, 0x0000000086600000, 0x0000000086700000|  0%| F|  |TAMS 0x0000000086600000, 0x0000000086600000| Untracked 
|  35|0x0000000086700000, 0x0000000086700000, 0x0000000086800000|  0%| F|  |TAMS 0x0000000086700000, 0x0000000086700000| Untracked 
|  36|0x0000000086800000, 0x0000000086800000, 0x0000000086900000|  0%| F|  |TAMS 0x0000000086800000, 0x0000000086800000| Untracked 
|  37|0x0000000086900000, 0x0000000086900000, 0x0000000086a00000|  0%| F|  |TAMS 0x0000000086900000, 0x0000000086900000| Untracked 
|  38|0x0000000086a00000, 0x0000000086a00000, 0x0000000086b00000|  0%| F|  |TAMS 0x0000000086a00000, 0x0000000086a00000| Untracked 
|  39|0x0000000086b00000, 0x0000000086b00000, 0x0000000086c00000|  0%| F|  |TAMS 0x0000000086b00000, 0x0000000086b00000| Untracked 
|  40|0x0000000086c00000, 0x0000000086c00000, 0x0000000086d00000|  0%| F|  |TAMS 0x0000000086c00000, 0x0000000086c00000| Untracked 
|  41|0x0000000086d00000, 0x0000000086d00000, 0x0000000086e00000|  0%| F|  |TAMS 0x0000000086d00000, 0x0000000086d00000| Untracked 
|  42|0x0000000086e00000, 0x0000000086e00000, 0x0000000086f00000|  0%| F|  |TAMS 0x0000000086e00000, 0x0000000086e00000| Untracked 
|  43|0x0000000086f00000, 0x0000000086f00000, 0x0000000087000000|  0%| F|  |TAMS 0x0000000086f00000, 0x0000000086f00000| Untracked 
|  44|0x0000000087000000, 0x0000000087000000, 0x0000000087100000|  0%| F|  |TAMS 0x0000000087000000, 0x0000000087000000| Untracked 
|  45|0x0000000087100000, 0x0000000087100000, 0x0000000087200000|  0%| F|  |TAMS 0x0000000087100000, 0x0000000087100000| Untracked 
|  46|0x0000000087200000, 0x0000000087200000, 0x0000000087300000|  0%| F|  |TAMS 0x0000000087200000, 0x0000000087200000| Untracked 
|  47|0x0000000087300000, 0x0000000087300000, 0x0000000087400000|  0%| F|  |TAMS 0x0000000087300000, 0x0000000087300000| Untracked 
|  48|0x0000000087400000, 0x0000000087400000, 0x0000000087500000|  0%| F|  |TAMS 0x0000000087400000, 0x0000000087400000| Untracked 
|  49|0x0000000087500000, 0x0000000087500000, 0x0000000087600000|  0%| F|  |TAMS 0x0000000087500000, 0x0000000087500000| Untracked 
|  50|0x0000000087600000, 0x0000000087600000, 0x0000000087700000|  0%| F|  |TAMS 0x0000000087600000, 0x0000000087600000| Untracked 
|  51|0x0000000087700000, 0x0000000087700000, 0x0000000087800000|  0%| F|  |TAMS 0x0000000087700000, 0x0000000087700000| Untracked 
|  52|0x0000000087800000, 0x0000000087800000, 0x0000000087900000|  0%| F|  |TAMS 0x0000000087800000, 0x0000000087800000| Untracked 
|  53|0x0000000087900000, 0x0000000087900000, 0x0000000087a00000|  0%| F|  |TAMS 0x0000000087900000, 0x0000000087900000| Untracked 
|  54|0x0000000087a00000, 0x0000000087a00000, 0x0000000087b00000|  0%| F|  |TAMS 0x0000000087a00000, 0x0000000087a00000| Untracked 
|  55|0x0000000087b00000, 0x0000000087b00000, 0x0000000087c00000|  0%| F|  |TAMS 0x0000000087b00000, 0x0000000087b00000| Untracked 
|  56|0x0000000087c00000, 0x0000000087c00000, 0x0000000087d00000|  0%| F|  |TAMS 0x0000000087c00000, 0x0000000087c00000| Untracked 
|  57|0x0000000087d00000, 0x0000000087d00000, 0x0000000087e00000|  0%| F|  |TAMS 0x0000000087d00000, 0x0000000087d00000| Untracked 
|  58|0x0000000087e00000, 0x0000000087e00000, 0x0000000087f00000|  0%| F|  |TAMS 0x0000000087e00000, 0x0000000087e00000| Untracked 
|  59|0x0000000087f00000, 0x0000000087f00000, 0x0000000088000000|  0%| F|  |TAMS 0x0000000087f00000, 0x0000000087f00000| Untracked 
|  60|0x0000000088000000, 0x0000000088000000, 0x0000000088100000|  0%| F|  |TAMS 0x0000000088000000, 0x0000000088000000| Untracked 
|  61|0x0000000088100000, 0x0000000088100000, 0x0000000088200000|  0%| F|  |TAMS 0x0000000088100000, 0x0000000088100000| Untracked 
|  62|0x0000000088200000, 0x0000000088200000, 0x0000000088300000|  0%| F|  |TAMS 0x0000000088200000, 0x0000000088200000| Untracked 
|  63|0x0000000088300000, 0x0000000088300000, 0x0000000088400000|  0%| F|  |TAMS 0x0000000088300000, 0x0000000088300000| Untracked 
|  64|0x0000000088400000, 0x0000000088400000, 0x0000000088500000|  0%| F|  |TAMS 0x0000000088400000, 0x0000000088400000| Untracked 
|  65|0x0000000088500000, 0x0000000088500000, 0x0000000088600000|  0%| F|  |TAMS 0x0000000088500000, 0x0000000088500000| Untracked 
|  66|0x0000000088600000, 0x0000000088600000, 0x0000000088700000|  0%| F|  |TAMS 0x0000000088600000, 0x0000000088600000| Untracked 
|  67|0x0000000088700000, 0x0000000088700000, 0x0000000088800000|  0%| F|  |TAMS 0x0000000088700000, 0x0000000088700000| Untracked 
|  68|0x0000000088800000, 0x0000000088800000, 0x0000000088900000|  0%| F|  |TAMS 0x0000000088800000, 0x0000000088800000| Untracked 
|  69|0x0000000088900000, 0x0000000088900000, 0x0000000088a00000|  0%| F|  |TAMS 0x0000000088900000, 0x0000000088900000| Untracked 
|  70|0x0000000088a00000, 0x0000000088a00000, 0x0000000088b00000|  0%| F|  |TAMS 0x0000000088a00000, 0x0000000088a00000| Untracked 
|  71|0x0000000088b00000, 0x0000000088b00000, 0x0000000088c00000|  0%| F|  |TAMS 0x0000000088b00000, 0x0000000088b00000| Untracked 
|  72|0x0000000088c00000, 0x0000000088c00000, 0x0000000088d00000|  0%| F|  |TAMS 0x0000000088c00000, 0x0000000088c00000| Untracked 
|  73|0x0000000088d00000, 0x0000000088d00000, 0x0000000088e00000|  0%| F|  |TAMS 0x0000000088d00000, 0x0000000088d00000| Untracked 
|  74|0x0000000088e00000, 0x0000000088e00000, 0x0000000088f00000|  0%| F|  |TAMS 0x0000000088e00000, 0x0000000088e00000| Untracked 
|  75|0x0000000088f00000, 0x0000000088f00000, 0x0000000089000000|  0%| F|  |TAMS 0x0000000088f00000, 0x0000000088f00000| Untracked 
|  76|0x0000000089000000, 0x0000000089000000, 0x0000000089100000|  0%| F|  |TAMS 0x0000000089000000, 0x0000000089000000| Untracked 
|  77|0x0000000089100000, 0x0000000089100000, 0x0000000089200000|  0%| F|  |TAMS 0x0000000089100000, 0x0000000089100000| Untracked 
|  78|0x0000000089200000, 0x0000000089200000, 0x0000000089300000|  0%| F|  |TAMS 0x0000000089200000, 0x0000000089200000| Untracked 
|  79|0x0000000089300000, 0x0000000089300000, 0x0000000089400000|  0%| F|  |TAMS 0x0000000089300000, 0x0000000089300000| Untracked 
|  80|0x0000000089400000, 0x0000000089400000, 0x0000000089500000|  0%| F|  |TAMS 0x0000000089400000, 0x0000000089400000| Untracked 
|  81|0x0000000089500000, 0x0000000089500000, 0x0000000089600000|  0%| F|  |TAMS 0x0000000089500000, 0x0000000089500000| Untracked 
|  82|0x0000000089600000, 0x0000000089600000, 0x0000000089700000|  0%| F|  |TAMS 0x0000000089600000, 0x0000000089600000| Untracked 
|  83|0x0000000089700000, 0x0000000089700000, 0x0000000089800000|  0%| F|  |TAMS 0x0000000089700000, 0x0000000089700000| Untracked 
|  84|0x0000000089800000, 0x0000000089800000, 0x0000000089900000|  0%| F|  |TAMS 0x0000000089800000, 0x0000000089800000| Untracked 
|  85|0x0000000089900000, 0x0000000089900000, 0x0000000089a00000|  0%| F|  |TAMS 0x0000000089900000, 0x0000000089900000| Untracked 
|  86|0x0000000089a00000, 0x0000000089a00000, 0x0000000089b00000|  0%| F|  |TAMS 0x0000000089a00000, 0x0000000089a00000| Untracked 
|  87|0x0000000089b00000, 0x0000000089b00000, 0x0000000089c00000|  0%| F|  |TAMS 0x0000000089b00000, 0x0000000089b00000| Untracked 
|  88|0x0000000089c00000, 0x0000000089d00000, 0x0000000089d00000|100%| S|CS|TAMS 0x0000000089c00000, 0x0000000089c00000| Complete 
|  89|0x0000000089d00000, 0x0000000089e00000, 0x0000000089e00000|100%| S|CS|TAMS 0x0000000089d00000, 0x0000000089d00000| Complete 
|  90|0x0000000089e00000, 0x0000000089f00000, 0x0000000089f00000|100%| S|CS|TAMS 0x0000000089e00000, 0x0000000089e00000| Complete 
|  91|0x0000000089f00000, 0x000000008a000000, 0x000000008a000000|100%| S|CS|TAMS 0x0000000089f00000, 0x0000000089f00000| Complete 
|  92|0x000000008a000000, 0x000000008a000000, 0x000000008a100000|  0%| F|  |TAMS 0x000000008a000000, 0x000000008a000000| Untracked 
|  93|0x000000008a100000, 0x000000008a100000, 0x000000008a200000|  0%| F|  |TAMS 0x000000008a100000, 0x000000008a100000| Untracked 
|  94|0x000000008a200000, 0x000000008a200000, 0x000000008a300000|  0%| F|  |TAMS 0x000000008a200000, 0x000000008a200000| Untracked 
|  95|0x000000008a300000, 0x000000008a300000, 0x000000008a400000|  0%| F|  |TAMS 0x000000008a300000, 0x000000008a300000| Untracked 
|  96|0x000000008a400000, 0x000000008a400000, 0x000000008a500000|  0%| F|  |TAMS 0x000000008a400000, 0x000000008a400000| Untracked 
|  97|0x000000008a500000, 0x000000008a500000, 0x000000008a600000|  0%| F|  |TAMS 0x000000008a500000, 0x000000008a500000| Untracked 
|  98|0x000000008a600000, 0x000000008a600000, 0x000000008a700000|  0%| F|  |TAMS 0x000000008a600000, 0x000000008a600000| Untracked 
|  99|0x000000008a700000, 0x000000008a700000, 0x000000008a800000|  0%| F|  |TAMS 0x000000008a700000, 0x000000008a700000| Untracked 
| 100|0x000000008a800000, 0x000000008a800000, 0x000000008a900000|  0%| F|  |TAMS 0x000000008a800000, 0x000000008a800000| Untracked 
| 101|0x000000008a900000, 0x000000008a900000, 0x000000008aa00000|  0%| F|  |TAMS 0x000000008a900000, 0x000000008a900000| Untracked 
| 102|0x000000008aa00000, 0x000000008aa00000, 0x000000008ab00000|  0%| F|  |TAMS 0x000000008aa00000, 0x000000008aa00000| Untracked 
| 103|0x000000008ab00000, 0x000000008ab00000, 0x000000008ac00000|  0%| F|  |TAMS 0x000000008ab00000, 0x000000008ab00000| Untracked 
| 104|0x000000008ac00000, 0x000000008ac00000, 0x000000008ad00000|  0%| F|  |TAMS 0x000000008ac00000, 0x000000008ac00000| Untracked 
| 105|0x000000008ad00000, 0x000000008ad00000, 0x000000008ae00000|  0%| F|  |TAMS 0x000000008ad00000, 0x000000008ad00000| Untracked 
| 106|0x000000008ae00000, 0x000000008ae00000, 0x000000008af00000|  0%| F|  |TAMS 0x000000008ae00000, 0x000000008ae00000| Untracked 
| 107|0x000000008af00000, 0x000000008af00000, 0x000000008b000000|  0%| F|  |TAMS 0x000000008af00000, 0x000000008af00000| Untracked 
| 108|0x000000008b000000, 0x000000008b000000, 0x000000008b100000|  0%| F|  |TAMS 0x000000008b000000, 0x000000008b000000| Untracked 
| 109|0x000000008b100000, 0x000000008b100000, 0x000000008b200000|  0%| F|  |TAMS 0x000000008b100000, 0x000000008b100000| Untracked 
| 110|0x000000008b200000, 0x000000008b200000, 0x000000008b300000|  0%| F|  |TAMS 0x000000008b200000, 0x000000008b200000| Untracked 
| 111|0x000000008b300000, 0x000000008b300000, 0x000000008b400000|  0%| F|  |TAMS 0x000000008b300000, 0x000000008b300000| Untracked 
| 112|0x000000008b400000, 0x000000008b400000, 0x000000008b500000|  0%| F|  |TAMS 0x000000008b400000, 0x000000008b400000| Untracked 
| 113|0x000000008b500000, 0x000000008b500000, 0x000000008b600000|  0%| F|  |TAMS 0x000000008b500000, 0x000000008b500000| Untracked 
| 114|0x000000008b600000, 0x000000008b600000, 0x000000008b700000|  0%| F|  |TAMS 0x000000008b600000, 0x000000008b600000| Untracked 
| 115|0x000000008b700000, 0x000000008b700000, 0x000000008b800000|  0%| F|  |TAMS 0x000000008b700000, 0x000000008b700000| Untracked 
| 116|0x000000008b800000, 0x000000008b800000, 0x000000008b900000|  0%| F|  |TAMS 0x000000008b800000, 0x000000008b800000| Untracked 
| 117|0x000000008b900000, 0x000000008b900000, 0x000000008ba00000|  0%| F|  |TAMS 0x000000008b900000, 0x000000008b900000| Untracked 
| 118|0x000000008ba00000, 0x000000008baf8988, 0x000000008bb00000| 97%| E|  |TAMS 0x000000008ba00000, 0x000000008ba00000| Complete 
| 119|0x000000008bb00000, 0x000000008bc00000, 0x000000008bc00000|100%| E|CS|TAMS 0x000000008bb00000, 0x000000008bb00000| Complete 
| 120|0x000000008bc00000, 0x000000008bd00000, 0x000000008bd00000|100%| E|CS|TAMS 0x000000008bc00000, 0x000000008bc00000| Complete 
| 121|0x000000008bd00000, 0x000000008be00000, 0x000000008be00000|100%| E|CS|TAMS 0x000000008bd00000, 0x000000008bd00000| Complete 
| 122|0x000000008be00000, 0x000000008bf00000, 0x000000008bf00000|100%| E|CS|TAMS 0x000000008be00000, 0x000000008be00000| Complete 
| 123|0x000000008bf00000, 0x000000008c000000, 0x000000008c000000|100%| E|CS|TAMS 0x000000008bf00000, 0x000000008bf00000| Complete 

Card table byte_map: [0x0000017cf98a0000,0x0000017cf9c80000] _byte_map_base: 0x0000017cf947e000

Marking Bits (Prev, Next): (CMBitMap*) 0x0000017cf8f0c220, (CMBitMap*) 0x0000017cf8f0c260
 Prev Bits: [0x0000017cfa060000, 0x0000017cfbf50000)
 Next Bits: [0x0000017cfbf50000, 0x0000017cfde40000)

Polling page: 0x0000017cf6b90000

Metaspace:

Usage:
  Non-class:     14.71 MB used.
      Class:      1.79 MB used.
       Both:     16.50 MB used.

Virtual space:
  Non-class space:       64.00 MB reserved,      14.81 MB ( 23%) committed,  1 nodes.
      Class space:        1.00 GB reserved,       1.88 MB ( <1%) committed,  1 nodes.
             Both:        1.06 GB reserved,      16.69 MB (  2%) committed. 

Chunk freelists:
   Non-Class:  347.00 KB
       Class:  14.09 MB
        Both:  14.43 MB

MaxMetaspaceSize: unlimited
CompressedClassSpaceSize: 1.00 GB
Initial GC threshold: 21.00 MB
Current GC threshold: 21.00 MB
CDS: on
MetaspaceReclaimPolicy: balanced
 - commit_granule_bytes: 65536.
 - commit_granule_words: 8192.
 - virtual_space_node_default_size: 8388608.
 - enlarge_chunks_in_place: 1.
 - new_chunks_are_fully_committed: 0.
 - uncommit_free_chunks: 1.
 - use_allocation_guard: 0.
 - handle_deallocations: 1.


Internal statistics:

num_allocs_failed_limit: 0.
num_arena_births: 152.
num_arena_deaths: 0.
num_vsnodes_births: 2.
num_vsnodes_deaths: 0.
num_space_committed: 267.
num_space_uncommitted: 0.
num_chunks_returned_to_freelist: 0.
num_chunks_taken_from_freelist: 476.
num_chunk_merges: 0.
num_chunk_splits: 292.
num_chunks_enlarged: 186.
num_inconsistent_stats: 0.

CodeHeap 'non-profiled nmethods': size=120000Kb used=856Kb max_used=856Kb free=119143Kb
 bounds [0x0000017c8f530000, 0x0000017c8f7a0000, 0x0000017c96a60000]
CodeHeap 'profiled nmethods': size=120000Kb used=4847Kb max_used=4847Kb free=115152Kb
 bounds [0x0000017c87a60000, 0x0000017c87f20000, 0x0000017c8ef90000]
CodeHeap 'non-nmethods': size=5760Kb used=1241Kb max_used=1272Kb free=4518Kb
 bounds [0x0000017c8ef90000, 0x0000017c8f200000, 0x0000017c8f530000]
 total_blobs=2994 nmethods=2466 adapters=440
 compilation: enabled
              stopped_count=0, restarted_count=0
 full_count=0

Compilation events (20 events):
Event: 2.024 Thread 0x0000017c97721650 nmethod 2424 0x0000017c87ef7010 code [0x0000017c87ef71a0, 0x0000017c87ef7298]
Event: 2.024 Thread 0x0000017c97721650 2425       3       com.sun.xml.bind.v2.util.QNameMap::hash (36 bytes)
Event: 2.024 Thread 0x0000017c97721650 nmethod 2425 0x0000017c87ef7310 code [0x0000017c87ef74a0, 0x0000017c87ef75e8]
Event: 2.024 Thread 0x0000017c97721650 2427       1       com.sun.xml.bind.v2.runtime.property.PropertyImpl::hasSerializeURIAction (2 bytes)
Event: 2.024 Thread 0x0000017c97721650 nmethod 2427 0x0000017c8f601510 code [0x0000017c8f6016a0, 0x0000017c8f601778]
Event: 2.024 Thread 0x0000017c97721650 2426       1       com.sun.xml.bind.v2.model.impl.TypeRefImpl::getDefaultValue (5 bytes)
Event: 2.025 Thread 0x0000017c97721650 nmethod 2426 0x0000017c8f601810 code [0x0000017c8f6019a0, 0x0000017c8f601a78]
Event: 2.025 Thread 0x0000017c97721650 2420       1       com.sun.xml.bind.v2.model.impl.ClassInfoImpl::getTypeName (5 bytes)
Event: 2.025 Thread 0x0000017c97721650 nmethod 2420 0x0000017c8f601b10 code [0x0000017c8f601ca0, 0x0000017c8f601d78]
Event: 2.025 Thread 0x0000017c97721650 2422       1       com.sun.xml.bind.v2.runtime.property.PropertyImpl::getFieldName (5 bytes)
Event: 2.025 Thread 0x0000017c97721650 nmethod 2422 0x0000017c8f601e10 code [0x0000017c8f601fa0, 0x0000017c8f602078]
Event: 2.025 Thread 0x0000017c97721650 2377       1       sun.security.ssl.InputRecord::isClosed (5 bytes)
Event: 2.025 Thread 0x0000017c97721650 nmethod 2377 0x0000017c8f602110 code [0x0000017c8f6022a0, 0x0000017c8f602378]
Event: 2.025 Thread 0x0000017c97721650 2378       1       sun.reflect.generics.tree.MethodTypeSignature::getParameterTypes (5 bytes)
Event: 2.025 Thread 0x0000017c97721650 nmethod 2378 0x0000017c8f602410 code [0x0000017c8f6025a0, 0x0000017c8f602678]
Event: 2.025 Thread 0x0000017c97721650 2406       1       sun.security.ssl.SSLSocketImpl::isClosed (5 bytes)
Event: 2.025 Thread 0x0000017c97721650 nmethod 2406 0x0000017c8f602710 code [0x0000017c8f6028a0, 0x0000017c8f602978]
Event: 2.025 Thread 0x0000017c97721650 2428   !   3       sun.security.x509.X509CertImpl::get (245 bytes)
Event: 2.025 Thread 0x0000017c97720d40 nmethod 2404% 0x0000017c8f602a10 code [0x0000017c8f602ba0, 0x0000017c8f603698]
Event: 2.025 Thread 0x0000017c97720d40 2423       4       com.sun.crypto.provider.GHASH::blockMult (245 bytes)

GC Heap History (2 events):
Event: 0.809 GC heap before
{Heap before GC invocations=0 (full 0):
 garbage-first heap   total 126976K, used 23552K [0x0000000084400000, 0x0000000100000000)
  region size 1024K, 23 young (23552K), 0 survivors (0K)
 Metaspace       used 9511K, committed 9728K, reserved 1114112K
  class space    used 933K, committed 1024K, reserved 1048576K
}
Event: 0.818 GC heap after
{Heap after GC invocations=1 (full 0):
 garbage-first heap   total 126976K, used 4816K [0x0000000084400000, 0x0000000100000000)
  region size 1024K, 3 young (3072K), 3 survivors (3072K)
 Metaspace       used 9511K, committed 9728K, reserved 1114112K
  class space    used 933K, committed 1024K, reserved 1048576K
}

Dll operation events (7 events):
Event: 0.006 Loaded shared library C:\Program Files\Unity\Hub\Editor\6000.0.32f1\Editor\Data\PlaybackEngines\AndroidPlayer\OpenJDK\bin\java.dll
Event: 0.025 Loaded shared library C:\Program Files\Unity\Hub\Editor\6000.0.32f1\Editor\Data\PlaybackEngines\AndroidPlayer\OpenJDK\bin\jsvml.dll
Event: 0.049 Loaded shared library C:\Program Files\Unity\Hub\Editor\6000.0.32f1\Editor\Data\PlaybackEngines\AndroidPlayer\OpenJDK\bin\net.dll
Event: 0.050 Loaded shared library C:\Program Files\Unity\Hub\Editor\6000.0.32f1\Editor\Data\PlaybackEngines\AndroidPlayer\OpenJDK\bin\nio.dll
Event: 0.057 Loaded shared library C:\Program Files\Unity\Hub\Editor\6000.0.32f1\Editor\Data\PlaybackEngines\AndroidPlayer\OpenJDK\bin\zip.dll
Event: 0.268 Loaded shared library C:\Program Files\Unity\Hub\Editor\6000.0.32f1\Editor\Data\PlaybackEngines\AndroidPlayer\OpenJDK\bin\jimage.dll
Event: 0.688 Loaded shared library C:\Program Files\Unity\Hub\Editor\6000.0.32f1\Editor\Data\PlaybackEngines\AndroidPlayer\OpenJDK\bin\sunmscapi.dll

Deoptimization events (20 events):
Event: 2.023 Thread 0x0000017cdd8fe550 DEOPT UNPACKING pc=0x0000017c8efeace3 sp=0x00000030744fd630 mode 0
Event: 2.023 Thread 0x0000017cdd88bf50 DEOPT UNPACKING pc=0x0000017c8efeace3 sp=0x00000030755fd740 mode 0
Event: 2.024 Thread 0x0000017cdd8fe550 DEOPT PACKING pc=0x0000017c87d5b971 sp=0x00000030744fe200
Event: 2.024 Thread 0x0000017cdd8fe550 DEOPT UNPACKING pc=0x0000017c8efeace3 sp=0x00000030744fd630 mode 0
Event: 2.024 Thread 0x0000017cdd88bf50 DEOPT PACKING pc=0x0000017c87d5b971 sp=0x00000030755fe310
Event: 2.024 Thread 0x0000017cdd88bf50 DEOPT UNPACKING pc=0x0000017c8efeace3 sp=0x00000030755fd740 mode 0
Event: 2.024 Thread 0x0000017cdd8fe550 DEOPT PACKING pc=0x0000017c87d5b93e sp=0x00000030744fe200
Event: 2.024 Thread 0x0000017cdd8fe550 DEOPT UNPACKING pc=0x0000017c8efeace3 sp=0x00000030744fd630 mode 0
Event: 2.024 Thread 0x0000017cdd88bf50 DEOPT PACKING pc=0x0000017c87d5b93e sp=0x00000030755fe310
Event: 2.024 Thread 0x0000017cdd88bf50 DEOPT UNPACKING pc=0x0000017c8efeace3 sp=0x00000030755fd740 mode 0
Event: 2.024 Thread 0x0000017cdd8fe550 DEOPT PACKING pc=0x0000017c87d5b971 sp=0x00000030744fe200
Event: 2.024 Thread 0x0000017cdd8fe550 DEOPT UNPACKING pc=0x0000017c8efeace3 sp=0x00000030744fd630 mode 0
Event: 2.024 Thread 0x0000017cdd8fe550 DEOPT PACKING pc=0x0000017c87d5b971 sp=0x00000030744fe200
Event: 2.024 Thread 0x0000017cdd8fe550 DEOPT UNPACKING pc=0x0000017c8efeace3 sp=0x00000030744fd630 mode 0
Event: 2.024 Thread 0x0000017cdd8fe550 DEOPT PACKING pc=0x0000017c87d5b93e sp=0x00000030744fe3c0
Event: 2.024 Thread 0x0000017cdd8fe550 DEOPT UNPACKING pc=0x0000017c8efeace3 sp=0x00000030744fd7f0 mode 0
Event: 2.025 Thread 0x0000017cf8eb4900 Uncommon trap: trap_request=0xffffff45 fr.pc=0x0000017c8f588174 relative=0x00000000000000d4
Event: 2.025 Thread 0x0000017cf8eb4900 Uncommon trap: reason=unstable_if action=reinterpret pc=0x0000017c8f588174 method=java.lang.CharacterDataLatin1.digit(II)I @ 12 c2
Event: 2.025 Thread 0x0000017cf8eb4900 DEOPT PACKING pc=0x0000017c8f588174 sp=0x00000030726fe3e0
Event: 2.025 Thread 0x0000017cf8eb4900 DEOPT UNPACKING pc=0x0000017c8efea1a3 sp=0x00000030726fe298 mode 2

Classes unloaded (0 events):
No events

Classes redefined (0 events):
No events

Internal exceptions (20 events):
Event: 0.622 Thread 0x0000017cf8eb4900 Exception <a 'sun/nio/fs/WindowsException'{0x000000008ac1af90}> (0x000000008ac1af90) 
thrown [s\src\hotspot\share\prims\jni.cpp, line 516]
Event: 0.622 Thread 0x0000017cf8eb4900 Exception <a 'sun/nio/fs/WindowsException'{0x000000008ac1b500}> (0x000000008ac1b500) 
thrown [s\src\hotspot\share\prims\jni.cpp, line 516]
Event: 0.715 Thread 0x0000017cf8eb4900 Exception <a 'sun/nio/fs/WindowsException'{0x000000008aa0e058}> (0x000000008aa0e058) 
thrown [s\src\hotspot\share\prims\jni.cpp, line 516]
Event: 0.722 Thread 0x0000017cf8eb4900 Exception <a 'java/lang/NoSuchMethodError'{0x000000008aa31480}: 'int java.lang.invoke.DirectMethodHandle$Holder.invokeStaticInit(java.lang.Object, java.lang.Object, java.lang.Object, java.lang.Object)'> (0x000000008aa31480) 
thrown [s\src\hotspot\share\interpreter\linkResolver.cpp, line 759]
Event: 0.723 Thread 0x0000017cf8eb4900 Exception <a 'java/lang/IncompatibleClassChangeError'{0x000000008aa3a960}: Found class java.lang.Object, but interface was expected> (0x000000008aa3a960) 
thrown [s\src\hotspot\share\interpreter\linkResolver.cpp, line 826]
Event: 0.723 Thread 0x0000017cf8eb4900 Exception <a 'java/lang/NoSuchMethodError'{0x000000008aa3d848}: 'void java.lang.invoke.DirectMethodHandle$Holder.invokeStaticInit(java.lang.Object, java.lang.Object)'> (0x000000008aa3d848) 
thrown [s\src\hotspot\share\interpreter\linkResolver.cpp, line 759]
Event: 0.724 Thread 0x0000017cf8eb4900 Exception <a 'java/lang/NoSuchMethodError'{0x000000008aa43408}: 'int java.lang.invoke.DirectMethodHandle$Holder.invokeStaticInit(java.lang.Object, java.lang.Object)'> (0x000000008aa43408) 
thrown [s\src\hotspot\share\interpreter\linkResolver.cpp, line 759]
Event: 0.848 Thread 0x0000017cf8eb4900 Exception <a 'java/lang/NoSuchMethodError'{0x000000008bb5d5f0}: 'java.lang.Object java.lang.invoke.DirectMethodHandle$Holder.invokeStaticInit(java.lang.Object, int, int, int, int)'> (0x000000008bb5d5f0) 
thrown [s\src\hotspot\share\interpreter\linkResolver.cpp, line 759]
Event: 0.897 Thread 0x0000017cf8eb4900 Exception <a 'java/lang/NoSuchMethodError'{0x000000008bbdea40}: 'java.lang.Object java.lang.invoke.DirectMethodHandle$Holder.invokeStaticInit(java.lang.Object, java.lang.Object, int, int, int, int)'> (0x000000008bbdea40) 
thrown [s\src\hotspot\share\interpreter\linkResolver.cpp, line 759]
Event: 0.911 Thread 0x0000017cf8eb4900 Exception <a 'java/lang/NoSuchMethodError'{0x000000008bbf3528}: 'java.lang.Object java.lang.invoke.DirectMethodHandle$Holder.invokeStaticInit(java.lang.Object)'> (0x000000008bbf3528) 
thrown [s\src\hotspot\share\interpreter\linkResolver.cpp, line 759]
Event: 1.546 Thread 0x0000017cf8eb4900 Exception <a 'java/lang/NoSuchMethodError'{0x000000008b6e4878}: 'java.lang.Object java.lang.invoke.DirectMethodHandle$Holder.newInvokeSpecial(java.lang.Object, double)'> (0x000000008b6e4878) 
thrown [s\src\hotspot\share\interpreter\linkResolver.cpp, line 759]
Event: 1.594 Thread 0x0000017cf8eb4900 Exception <a 'java/lang/NullPointerException'{0x000000008b4e4ad0}> (0x000000008b4e4ad0) 
thrown [s\src\hotspot\share\interpreter\linkResolver.cpp, line 1433]
Event: 1.627 Thread 0x0000017cf8eb4900 Implicit null exception at 0x0000017c8f5908de to 0x0000017c8f5912e4
Event: 1.687 Thread 0x0000017cf8eb4900 Implicit null exception at 0x0000017c8f59f3f1 to 0x0000017c8f59f5e0
Event: 1.689 Thread 0x0000017cf8eb4900 Implicit null exception at 0x0000017c8f57f00f to 0x0000017c8f57f089
Event: 1.725 Thread 0x0000017cf8eb4900 Exception <a 'java/lang/NoSuchMethodError'{0x000000008ae20720}: 'java.lang.Object java.lang.invoke.DirectMethodHandle$Holder.newInvokeSpecial(java.lang.Object, java.lang.Object, int)'> (0x000000008ae20720) 
thrown [s\src\hotspot\share\interpreter\linkResolver.cpp, line 759]
Event: 1.739 Thread 0x0000017cf8eb4900 Exception <a 'sun/nio/fs/WindowsException'{0x000000008ae76898}> (0x000000008ae76898) 
thrown [s\src\hotspot\share\prims\jni.cpp, line 516]
Event: 1.739 Thread 0x0000017cf8eb4900 Exception <a 'java/lang/NoSuchMethodError'{0x000000008ae77500}: 'int java.lang.invoke.DirectMethodHandle$Holder.invokeInterface(java.lang.Object, java.lang.Object)'> (0x000000008ae77500) 
thrown [s\src\hotspot\share\interpreter\linkResolver.cpp, line 759]
Event: 1.742 Thread 0x0000017cf8eb4900 Exception <a 'java/lang/NoSuchMethodError'{0x000000008ae818b8}: 'void java.lang.invoke.DirectMethodHandle$Holder.invokeStatic(java.lang.Object, int, java.lang.Object)'> (0x000000008ae818b8) 
thrown [s\src\hotspot\share\interpreter\linkResolver.cpp, line 759]
Event: 1.746 Thread 0x0000017cf8eb4900 Exception <a 'java/lang/NoSuchMethodError'{0x000000008ae93498}: 'java.lang.Object java.lang.invoke.DirectMethodHandle$Holder.newInvokeSpecial(java.lang.Object, java.lang.Object, java.lang.Object, java.lang.Object, java.lang.Object, java.lang.Object)'> (0x000000008ae93498) 
thrown [s\src\hotspot\share\interpreter\linkResolver.cpp, line 759]

VM Operations (20 events):
Event: 0.667 Executing VM operation: HandshakeAllThreads
Event: 0.667 Executing VM operation: HandshakeAllThreads done
Event: 0.667 Executing VM operation: HandshakeAllThreads
Event: 0.667 Executing VM operation: HandshakeAllThreads done
Event: 0.727 Executing VM operation: ICBufferFull
Event: 0.727 Executing VM operation: ICBufferFull done
Event: 0.766 Executing VM operation: HandshakeAllThreads
Event: 0.766 Executing VM operation: HandshakeAllThreads done
Event: 0.808 Executing VM operation: G1CollectForAllocation
Event: 0.818 Executing VM operation: G1CollectForAllocation done
Event: 0.856 Executing VM operation: HandshakeAllThreads
Event: 0.856 Executing VM operation: HandshakeAllThreads done
Event: 0.910 Executing VM operation: HandshakeAllThreads
Event: 0.910 Executing VM operation: HandshakeAllThreads done
Event: 1.542 Executing VM operation: HandshakeAllThreads
Event: 1.542 Executing VM operation: HandshakeAllThreads done
Event: 1.563 Executing VM operation: HandshakeAllThreads
Event: 1.563 Executing VM operation: HandshakeAllThreads done
Event: 1.968 Executing VM operation: ICBufferFull
Event: 1.969 Executing VM operation: ICBufferFull done

Events (20 events):
Event: 1.868 loading class sun/security/ssl/SSLEngineOutputRecord$HandshakeMemo done
Event: 1.930 Thread 0x0000017cdd383350 Thread exited: 0x0000017cdd383350
Event: 1.948 loading class jdk/internal/ValueBased
Event: 1.948 loading class jdk/internal/ValueBased done
Event: 1.977 loading class java/lang/Package$1PackageInfoProxy
Event: 1.977 loading class java/lang/Package$1PackageInfoProxy done
Event: 1.977 loading class java/beans/Introspector
Event: 1.978 loading class java/beans/Introspector done
Event: 1.978 loading class java/beans/EventSetDescriptor
Event: 1.979 loading class java/beans/FeatureDescriptor
Event: 1.979 loading class java/beans/FeatureDescriptor done
Event: 1.979 loading class java/beans/EventSetDescriptor done
Event: 1.979 loading class java/beans/Introspector$1
Event: 1.979 loading class jdk/internal/access/JavaBeansAccess
Event: 1.979 loading class jdk/internal/access/JavaBeansAccess done
Event: 1.979 loading class java/beans/Introspector$1 done
Event: 2.012 Thread 0x0000017cdd890120 Thread added: 0x0000017cdd890120
Event: 2.012 Thread 0x0000017cdd890630 Thread added: 0x0000017cdd890630
Event: 2.012 Thread 0x0000017cdd890120 Thread exited: 0x0000017cdd890120
Event: 2.012 Thread 0x0000017cdd890630 Thread exited: 0x0000017cdd890630


Dynamic libraries:
0x00007ff681b60000 - 0x00007ff681b6e000 	C:\Program Files\Unity\Hub\Editor\6000.0.32f1\Editor\Data\PlaybackEngines\AndroidPlayer\OpenJDK\bin\java.exe
0x00007ffc7b9d0000 - 0x00007ffc7bbe7000 	C:\WINDOWS\SYSTEM32\ntdll.dll
0x00007ffc7ada0000 - 0x00007ffc7ae64000 	C:\WINDOWS\System32\KERNEL32.DLL
0x00007ffc79310000 - 0x00007ffc796ca000 	C:\WINDOWS\System32\KERNELBASE.dll
0x00007ffc78f60000 - 0x00007ffc79071000 	C:\WINDOWS\System32\ucrtbase.dll
0x00007ffc49d90000 - 0x00007ffc49dab000 	C:\Program Files\Unity\Hub\Editor\6000.0.32f1\Editor\Data\PlaybackEngines\AndroidPlayer\OpenJDK\bin\VCRUNTIME140.dll
0x00007ffc44d80000 - 0x00007ffc44d97000 	C:\Program Files\Unity\Hub\Editor\6000.0.32f1\Editor\Data\PlaybackEngines\AndroidPlayer\OpenJDK\bin\jli.dll
0x00007ffc7ab90000 - 0x00007ffc7ad3e000 	C:\WINDOWS\System32\USER32.dll
0x00007ffc78ca0000 - 0x00007ffc78cc6000 	C:\WINDOWS\System32\win32u.dll
0x00007ffc796d0000 - 0x00007ffc796f9000 	C:\WINDOWS\System32\GDI32.dll
0x00007ffc633e0000 - 0x00007ffc63672000 	C:\WINDOWS\WinSxS\amd64_microsoft.windows.common-controls_6595b64144ccf1df_6.0.22621.4541_none_2710d1c57384c085\COMCTL32.dll
0x00007ffc79080000 - 0x00007ffc7919b000 	C:\WINDOWS\System32\gdi32full.dll
0x00007ffc7aa00000 - 0x00007ffc7aaa7000 	C:\WINDOWS\System32\msvcrt.dll
0x00007ffc78e40000 - 0x00007ffc78eda000 	C:\WINDOWS\System32\msvcp_win.dll
0x00007ffc79c30000 - 0x00007ffc79c61000 	C:\WINDOWS\System32\IMM32.DLL
0x00007ffc651c0000 - 0x00007ffc651cc000 	C:\Program Files\Unity\Hub\Editor\6000.0.32f1\Editor\Data\PlaybackEngines\AndroidPlayer\OpenJDK\bin\vcruntime140_1.dll
0x00007ffc2b7f0000 - 0x00007ffc2b87d000 	C:\Program Files\Unity\Hub\Editor\6000.0.32f1\Editor\Data\PlaybackEngines\AndroidPlayer\OpenJDK\bin\msvcp140.dll
0x00007ffc167e0000 - 0x00007ffc17441000 	C:\Program Files\Unity\Hub\Editor\6000.0.32f1\Editor\Data\PlaybackEngines\AndroidPlayer\OpenJDK\bin\server\jvm.dll
0x00007ffc79700000 - 0x00007ffc797b2000 	C:\WINDOWS\System32\ADVAPI32.dll
0x00007ffc7ae70000 - 0x00007ffc7af17000 	C:\WINDOWS\System32\sechost.dll
0x00007ffc78d90000 - 0x00007ffc78db8000 	C:\WINDOWS\System32\bcrypt.dll
0x00007ffc7a8e0000 - 0x00007ffc7a9f4000 	C:\WINDOWS\System32\RPCRT4.dll
0x00007ffc70a00000 - 0x00007ffc70a09000 	C:\WINDOWS\SYSTEM32\WSOCK32.dll
0x00007ffc6f8e0000 - 0x00007ffc6f914000 	C:\WINDOWS\SYSTEM32\WINMM.dll
0x00007ffc77b10000 - 0x00007ffc77b5d000 	C:\WINDOWS\SYSTEM32\POWRPROF.dll
0x00007ffc7a760000 - 0x00007ffc7a7d1000 	C:\WINDOWS\System32\WS2_32.dll
0x00007ffc6efe0000 - 0x00007ffc6efea000 	C:\WINDOWS\SYSTEM32\VERSION.dll
0x00007ffc77af0000 - 0x00007ffc77b03000 	C:\WINDOWS\SYSTEM32\UMPDC.dll
0x00007ffc77dd0000 - 0x00007ffc77de8000 	C:\WINDOWS\SYSTEM32\kernel.appcore.dll
0x00007ffc65180000 - 0x00007ffc6518a000 	C:\Program Files\Unity\Hub\Editor\6000.0.32f1\Editor\Data\PlaybackEngines\AndroidPlayer\OpenJDK\bin\jimage.dll
0x00007ffc76570000 - 0x00007ffc767a2000 	C:\WINDOWS\SYSTEM32\DBGHELP.DLL
0x00007ffc79de0000 - 0x00007ffc7a16f000 	C:\WINDOWS\System32\combase.dll
0x00007ffc7af40000 - 0x00007ffc7b017000 	C:\WINDOWS\System32\OLEAUT32.dll
0x00007ffc65aa0000 - 0x00007ffc65ad2000 	C:\WINDOWS\SYSTEM32\dbgcore.DLL
0x00007ffc78ee0000 - 0x00007ffc78f5b000 	C:\WINDOWS\System32\bcryptPrimitives.dll
0x00007ffc42530000 - 0x00007ffc42555000 	C:\Program Files\Unity\Hub\Editor\6000.0.32f1\Editor\Data\PlaybackEngines\AndroidPlayer\OpenJDK\bin\java.dll
0x00007ffc15d10000 - 0x00007ffc15de7000 	C:\Program Files\Unity\Hub\Editor\6000.0.32f1\Editor\Data\PlaybackEngines\AndroidPlayer\OpenJDK\bin\jsvml.dll
0x00007ffc7b110000 - 0x00007ffc7b988000 	C:\WINDOWS\System32\SHELL32.dll
0x00007ffc76ba0000 - 0x00007ffc774a8000 	C:\WINDOWS\SYSTEM32\windows.storage.dll
0x00007ffc76a60000 - 0x00007ffc76b9f000 	C:\WINDOWS\SYSTEM32\wintypes.dll
0x00007ffc79cd0000 - 0x00007ffc79dca000 	C:\WINDOWS\System32\SHCORE.dll
0x00007ffc7b020000 - 0x00007ffc7b07e000 	C:\WINDOWS\System32\shlwapi.dll
0x00007ffc78bd0000 - 0x00007ffc78bfb000 	C:\WINDOWS\SYSTEM32\profapi.dll
0x00007ffc44d60000 - 0x00007ffc44d79000 	C:\Program Files\Unity\Hub\Editor\6000.0.32f1\Editor\Data\PlaybackEngines\AndroidPlayer\OpenJDK\bin\net.dll
0x00007ffc708b0000 - 0x00007ffc709e6000 	C:\WINDOWS\SYSTEM32\WINHTTP.dll
0x00007ffc78250000 - 0x00007ffc782b9000 	C:\WINDOWS\system32\mswsock.dll
0x00007ffc3d4d0000 - 0x00007ffc3d4e6000 	C:\Program Files\Unity\Hub\Editor\6000.0.32f1\Editor\Data\PlaybackEngines\AndroidPlayer\OpenJDK\bin\nio.dll
0x00007ffc3d4b0000 - 0x00007ffc3d4c8000 	C:\Program Files\Unity\Hub\Editor\6000.0.32f1\Editor\Data\PlaybackEngines\AndroidPlayer\OpenJDK\bin\zip.dll
0x00007ffc49d80000 - 0x00007ffc49d8e000 	C:\Program Files\Unity\Hub\Editor\6000.0.32f1\Editor\Data\PlaybackEngines\AndroidPlayer\OpenJDK\bin\sunmscapi.dll
0x00007ffc791a0000 - 0x00007ffc79306000 	C:\WINDOWS\System32\CRYPT32.dll
0x00007ffc78640000 - 0x00007ffc7866d000 	C:\WINDOWS\SYSTEM32\ncrypt.dll
0x00007ffc78600000 - 0x00007ffc78637000 	C:\WINDOWS\SYSTEM32\NTASN1.dll
0x00007ffc784a0000 - 0x00007ffc784bb000 	C:\WINDOWS\SYSTEM32\CRYPTSP.dll
0x00007ffc77d10000 - 0x00007ffc77d45000 	C:\WINDOWS\system32\rsaenh.dll
0x00007ffc78340000 - 0x00007ffc78368000 	C:\WINDOWS\SYSTEM32\USERENV.dll
0x00007ffc784c0000 - 0x00007ffc784cc000 	C:\WINDOWS\SYSTEM32\CRYPTBASE.dll
0x00007ffc77790000 - 0x00007ffc777bd000 	C:\WINDOWS\SYSTEM32\IPHLPAPI.DLL
0x00007ffc7a850000 - 0x00007ffc7a859000 	C:\WINDOWS\System32\NSI.dll
0x00007ffc6f480000 - 0x00007ffc6f499000 	C:\WINDOWS\SYSTEM32\dhcpcsvc6.DLL
0x00007ffc6f230000 - 0x00007ffc6f24f000 	C:\WINDOWS\SYSTEM32\dhcpcsvc.DLL
0x00007ffc777c0000 - 0x00007ffc778c2000 	C:\WINDOWS\SYSTEM32\DNSAPI.dll
0x00007ffc6f140000 - 0x00007ffc6f14a000 	C:\Windows\System32\rasadhlp.dll
0x00007ffc6f030000 - 0x00007ffc6f0b3000 	C:\WINDOWS\System32\fwpuclnt.dll

dbghelp: loaded successfully - version: 4.0.5 - missing functions: none
symbol engine: initialized successfully - sym options: 0x614 - pdb path: .;C:\Program Files\Unity\Hub\Editor\6000.0.32f1\Editor\Data\PlaybackEngines\AndroidPlayer\OpenJDK\bin;C:\WINDOWS\SYSTEM32;C:\WINDOWS\WinSxS\amd64_microsoft.windows.common-controls_6595b64144ccf1df_6.0.22621.4541_none_2710d1c57384c085;C:\Program Files\Unity\Hub\Editor\6000.0.32f1\Editor\Data\PlaybackEngines\AndroidPlayer\OpenJDK\bin\server

VM Arguments:
jvm_args: -Dcom.android.sdklib.toolsdir=C:\Program Files\Unity\Hub\Editor\6000.0.32f1\Editor\Data\PlaybackEngines\AndroidPlayer\SDK\cmdline-tools\6.0\bin\\.. 
java_command: com.android.sdklib.tool.sdkmanager.SdkManagerCli --list
java_class_path (initial): C:\Program Files\Unity\Hub\Editor\6000.0.32f1\Editor\Data\PlaybackEngines\AndroidPlayer\SDK\cmdline-tools\6.0\bin\..\lib\sdkmanager-classpath.jar
Launcher Type: SUN_STANDARD

[Global flags]
     intx CICompilerCount                          = 4                                         {product} {ergonomic}
     uint ConcGCThreads                            = 3                                         {product} {ergonomic}
     uint G1ConcRefinementThreads                  = 10                                        {product} {ergonomic}
   size_t G1HeapRegionSize                         = 1048576                                   {product} {ergonomic}
    uintx GCDrainStackTargetSize                   = 64                                        {product} {ergonomic}
   size_t InitialHeapSize                          = 130023424                                 {product} {ergonomic}
   size_t MarkStackSize                            = 4194304                                   {product} {ergonomic}
   size_t MaxHeapSize                              = 2076180480                                {product} {ergonomic}
   size_t MaxNewSize                               = 1245708288                                {product} {ergonomic}
   size_t MinHeapDeltaBytes                        = 1048576                                   {product} {ergonomic}
   size_t MinHeapSize                              = 8388608                                   {product} {ergonomic}
    uintx NonNMethodCodeHeapSize                   = 5839372                                {pd product} {ergonomic}
    uintx NonProfiledCodeHeapSize                  = 122909434                              {pd product} {ergonomic}
    uintx ProfiledCodeHeapSize                     = 122909434                              {pd product} {ergonomic}
    uintx ReservedCodeCacheSize                    = 251658240                              {pd product} {ergonomic}
     bool SegmentedCodeCache                       = true                                      {product} {ergonomic}
   size_t SoftMaxHeapSize                          = 2076180480                             {manageable} {ergonomic}
     bool UseCompressedClassPointers               = true                           {product lp64_product} {ergonomic}
     bool UseCompressedOops                        = true                           {product lp64_product} {ergonomic}
     bool UseG1GC                                  = true                                      {product} {ergonomic}
     bool UseLargePagesIndividualAllocation        = false                                  {pd product} {ergonomic}

Logging:
Log output configuration:
 #0: stdout all=warning uptime,level,tags
 #1: stderr all=off uptime,level,tags

Environment Variables:
JAVA_HOME=C:\Program Files\Unity\Hub\Editor\6000.0.32f1\Editor\Data\PlaybackEngines\AndroidPlayer\OpenJDK
CLASSPATH=C:\Program Files\Unity\Hub\Editor\6000.0.32f1\Editor\Data\PlaybackEngines\AndroidPlayer\SDK\cmdline-tools\6.0\bin\..\lib\sdkmanager-classpath.jar
PATH=C:\Program Files (x86)\Common Files\Intel\Shared Libraries\redist\intel64\compiler;C:\Windows\system32;C:\Windows;C:\Windows\System32\Wbem;C:\Windows\System32\WindowsPowerShell\v1.0\;C:\Windows\System32\OpenSSH\;C:\Program Files\dotnet\;C:\Program Files (x86)\NVIDIA Corporation\PhysX\Common;C:\Program Files\NVIDIA Corporation\NVIDIA NvDLISR;C:\WINDOWS\system32;C:\WINDOWS;C:\WINDOWS\System32\Wbem;C:\WINDOWS\System32\WindowsPowerShell\v1.0\;C:\WINDOWS\System32\OpenSSH\;C:\Program Files\Git;C:\MinGW\bin;C:\Users\DELL\python\py\;C:\Program Files\CMake\bin;C:\Program Files\Git\Git LFS;C:\Program Files\Git\bin;C:\Program Files\Git;C:\Program Files\Git\cmd;C:\Users\DELL\OneDrive\Desktop\node server;C:\Program Files\nodejs\;D:\python\py\Scripts\;D:\python\py\;C:\Users\DELL\AppData\Local\Programs\Python\Launcher\;C:\Program Files (x86)\Common Files\Intel\Shared Libraries\redist\intel64\compiler;C:\Windows\system32;C:\Windows;C:\Windows\System32\Wbem;C:\Windows\System32\WindowsPowerShell\v1.0\;C:\Windows\System32\OpenSSH\;C:\Program Files\dotnet\;C:\Program Files (x86)\NVIDIA Corporation\PhysX\Common;C:\Program Files\NVIDIA Corporation\NVIDIA NvDLISR;C:\WINDOWS\system32;C:\WINDOWS;C:\WINDOWS\System32\Wbem;C:\WINDOWS\System32\WindowsPowerShell\v1.0\;C:\WINDOWS\System32\OpenSSH\;C:\Program Files\Git;C:\MinGW\bin;C:\Users\DELL\python\py\;C:\Program Files\CMake\bin;C:\Program Files\Git\Git LFS;C:\Program Files\Git\bin;C:\Program Files\Git;C:\Program Files\Git\cmd;C:\Users\DELL\OneDrive\Desktop\node server;C:\Program Files\nodejs\;;C:\Python27\Scripts;C:\Users\DELL\AppData\Local\Programs\Microsoft VS Code\bin;C:\Users\DELL\python\py\;D:\unity\My project\Assets\Movement;C:\Users\DELL\.dotnet\tools;C:\Program Files\dotnet;C:\Users\DELL\AppData\Local\GitHubDesktop\bin;C:\Program Files\Git\bin;C:\Program Files\Git\Git LFS;C:\Program Files\Git;C:\Program Files\Git\cmd;C:\Users\DELL\OneDrive\Desktop\node server;C:\Users\DELL\AppData\Roaming\npm;C:\Program Files\nodejs\;
USERNAME=DELL
OS=Windows_NT
PROCESSOR_IDENTIFIER=Intel64 Family 6 Model 141 Stepping 1, GenuineIntel
TMP=C:\Users\DELL\AppData\Local\Temp
TEMP=C:\Users\DELL\AppData\Local\Temp



Periodic native trim disabled


---------------  S Y S T E M  ---------------

OS:
 Windows 11 , 64 bit Build 22621 (10.0.22621.4391)
OS uptime: 0 days 2:54 hours
Hyper-V role detected

CPU: total 12 (initial active 12) (6 cores per cpu, 2 threads per core) family 6 model 141 stepping 1 microcode 0x52, cx8, cmov, fxsr, ht, mmx, 3dnowpref, sse, sse2, sse3, ssse3, sse4.1, sse4.2, popcnt, lzcnt, tsc, tscinvbit, avx, avx2, aes, erms, clmul, bmi1, bmi2, adx, avx512f, avx512dq, avx512cd, avx512bw, avx512vl, sha, fma, vzeroupper, avx512_vpopcntdq, avx512_vpclmulqdq, avx512_vaes, avx512_vnni, clflush, clflushopt, clwb, avx512_vbmi2, avx512_vbmi, hv
Processor Information for all 12 processors :
  Max Mhz: 2611, Current Mhz: 2611, Mhz Limit: 2611

Memory: 4k page, system-wide physical 7918M (1036M free)
TotalPageFile size 16160M (AvailPageFile size 1M)
current process WorkingSet (physical memory assigned to process): 126M, peak: 126M
current process commit charge ("private bytes"): 255M, peak: 255M

vm_info: OpenJDK 64-Bit Server VM (17.0.9+9) for windows-amd64 JRE (17.0.9+9), built on Oct 26 2023 14:01:42 by "admin" with MS VC++ 16.10 / 16.11 (VS2019)

END.
